<?xml version="1.0" encoding="UTF-8"?>
<!-- Generated by org.testng.reporters.JUnitXMLReporter -->
<testsuite ignored="0" hostname="MANISH" failures="0" tests="10" name="Test" time="10.295" errors="0" timestamp="27 Jun 2021 05:56:22 GMT">
  <testcase classname="org.testing.TestCase.TC1_PostRequest" name="TC1" time="5.065"/>
  <testcase classname="org.testing.TestCase.TC2_GetRequest" name="TC2" time="0.167"/>
  <testcase classname="org.testing.TestCase.TC3_PutRequest" name="TC3" time="0.124"/>
  <testcase classname="org.testing.TestCase.TC4_DeleteRequest" name="TC4" time="0.08"/>
  <testcase classname="org.testing.TestCase.TC5_GetAllRequest" name="TC5" time="0.057"/>
  <testcase classname="org.testing.TestCase.TC6_PostReqRes" name="TC6" time="1.07"/>
  <testcase classname="org.testing.TestCase.TC7_GetReqRes" name="TC7" time="0.367"/>
  <testcase classname="org.testing.TestCase.TC8_GetAllReqRes" name="TC8" time="0.589"/>
  <testcase classname="org.testing.TestCase.TC9_UpdateReqRes" name="TC9" time="1.913"/>
  <testcase classname="org.testing.TestCase.TC10_DeleteReqRes" name="TC10" time="0.726"/>
</testsuite> <!-- Test -->
