<?xml version="1.0" encoding="UTF-8"?>
<testng-results ignored="0" total="1" passed="1" failed="0" skipped="0">
  <reporter-output>
  </reporter-output>
  <suite started-at="2021-06-27T06:00:20Z" name="Default suite" finished-at="2021-06-27T06:00:26Z" duration-ms="5821">
    <groups>
    </groups>
    <test started-at="2021-06-27T06:00:20Z" name="Default test" finished-at="2021-06-27T06:00:26Z" duration-ms="5821">
      <class name="org.testing.TestCase.TC10_DeleteReqRes">
        <test-method signature="TC10()[pri:0, instance:org.testing.TestCase.TC10_DeleteReqRes@272113c4]" started-at="2021-06-27T11:30:20Z" name="TC10" finished-at="2021-06-27T11:30:26Z" duration-ms="5740" status="PASS">
          <reporter-output>
          </reporter-output>
        </test-method> <!-- TC10 -->
      </class> <!-- org.testing.TestCase.TC10_DeleteReqRes -->
    </test> <!-- Default test -->
  </suite> <!-- Default suite -->
</testng-results>
